0 info it worked if it ends with ok
1 verbose cli [ 'C:\\Program Files\\nodejs\\node.exe',
1 verbose cli   'C:\\Program Files\\nodejs\\node_modules\\npm\\bin\\npm-cli.js',
1 verbose cli   'install',
1 verbose cli   'com.ionic.keyboard' ]
2 info using npm@2.14.12
3 info using node@v4.3.1
4 verbose install initial load of C:\Users\Ameer Hamza\Documents\GitHub\engrohealth\package.json
5 warn package.json Engsure@1.1.1 No repository field.
6 warn package.json Engsure@1.1.1 No README data
7 warn package.json Engsure@1.1.1 No license field.
8 verbose installManyTop reading scoped package data from C:\Users\Ameer Hamza\Documents\GitHub\engrohealth\node_modules\bower\package.json
9 verbose installManyTop reading scoped package data from C:\Users\Ameer Hamza\Documents\GitHub\engrohealth\node_modules\cordova-plugin-console\package.json
10 verbose installManyTop reading scoped package data from C:\Users\Ameer Hamza\Documents\GitHub\engrohealth\node_modules\cordova-plugin-device\package.json
11 verbose installManyTop reading scoped package data from C:\Users\Ameer Hamza\Documents\GitHub\engrohealth\node_modules\cordova-plugin-file\package.json
12 verbose installManyTop reading scoped package data from C:\Users\Ameer Hamza\Documents\GitHub\engrohealth\node_modules\cordova-plugin-geolocation\package.json
13 verbose installManyTop reading scoped package data from C:\Users\Ameer Hamza\Documents\GitHub\engrohealth\node_modules\cordova-plugin-inappbrowser\package.json
14 verbose installManyTop reading scoped package data from C:\Users\Ameer Hamza\Documents\GitHub\engrohealth\node_modules\cordova-plugin-splashscreen\package.json
15 verbose installManyTop reading scoped package data from C:\Users\Ameer Hamza\Documents\GitHub\engrohealth\node_modules\cordova-plugin-whitelist\package.json
16 verbose installManyTop reading scoped package data from C:\Users\Ameer Hamza\Documents\GitHub\engrohealth\node_modules\cordova-sms-plugin\package.json
17 verbose installManyTop reading scoped package data from C:\Users\Ameer Hamza\Documents\GitHub\engrohealth\node_modules\de.appplant.cordova.plugin.local-notification\package.json
18 verbose installManyTop reading scoped package data from C:\Users\Ameer Hamza\Documents\GitHub\engrohealth\node_modules\gulp\package.json
19 verbose installManyTop reading scoped package data from C:\Users\Ameer Hamza\Documents\GitHub\engrohealth\node_modules\gulp-concat\package.json
20 verbose installManyTop reading scoped package data from C:\Users\Ameer Hamza\Documents\GitHub\engrohealth\node_modules\gulp-minify-css\package.json
21 verbose installManyTop reading scoped package data from C:\Users\Ameer Hamza\Documents\GitHub\engrohealth\node_modules\gulp-rename\package.json
22 verbose installManyTop reading scoped package data from C:\Users\Ameer Hamza\Documents\GitHub\engrohealth\node_modules\gulp-sass\package.json
23 verbose installManyTop reading scoped package data from C:\Users\Ameer Hamza\Documents\GitHub\engrohealth\node_modules\gulp-util\package.json
24 verbose installManyTop reading scoped package data from C:\Users\Ameer Hamza\Documents\GitHub\engrohealth\node_modules\shelljs\package.json
25 info package.json gulp-minify-css@0.3.13 No license field.
26 info package.json gulp-rename@1.2.2 No license field.
27 info package.json gulp-util@2.2.20 No license field.
28 info package.json shelljs@0.3.0 license should be a valid SPDX license expression
29 info package.json cordova-plugin-whitelist@1.2.2 license should be a valid SPDX license expression
30 verbose readDependencies loading dependencies from C:\Users\Ameer Hamza\Documents\GitHub\engrohealth\package.json
31 silly cache add args [ 'com.ionic.keyboard', null ]
32 verbose cache add spec com.ionic.keyboard
33 silly cache add parsed spec Result {
33 silly cache add   raw: 'com.ionic.keyboard',
33 silly cache add   scope: null,
33 silly cache add   name: 'com.ionic.keyboard',
33 silly cache add   rawSpec: '',
33 silly cache add   spec: 'latest',
33 silly cache add   type: 'tag' }
34 silly addNamed com.ionic.keyboard@latest
35 verbose addNamed "latest" is being treated as a dist-tag for com.ionic.keyboard
36 info addNameTag [ 'com.ionic.keyboard', 'latest' ]
37 silly mapToRegistry name com.ionic.keyboard
38 silly mapToRegistry using default registry
39 silly mapToRegistry registry https://registry.npmjs.org/
40 silly mapToRegistry uri https://registry.npmjs.org/com.ionic.keyboard
41 verbose addNameTag registry:https://registry.npmjs.org/com.ionic.keyboard not in flight; fetching
42 verbose request uri https://registry.npmjs.org/com.ionic.keyboard
43 verbose request no auth needed
44 info attempt registry request try #1 at 9:21:26 AM
45 verbose request id 2f41c79abb26802c
46 http request GET https://registry.npmjs.org/com.ionic.keyboard
47 http 404 https://registry.npmjs.org/com.ionic.keyboard
48 verbose headers { server: 'CouchDB/1.5.0 (Erlang OTP/R16B03)',
48 verbose headers   etag: '"DCETIEYG0EFEN3YW3OW456VL4"',
48 verbose headers   'content-type': 'application/json',
48 verbose headers   'cache-control': 'max-age=0',
48 verbose headers   'content-length': '409',
48 verbose headers   'accept-ranges': 'bytes',
48 verbose headers   date: 'Tue, 09 Aug 2016 04:22:26 GMT',
48 verbose headers   via: '1.1 varnish',
48 verbose headers   age: '0',
48 verbose headers   connection: 'keep-alive',
48 verbose headers   'x-served-by': 'cache-lhr6342-LHR',
48 verbose headers   'x-cache': 'MISS',
48 verbose headers   'x-cache-hits': '0',
48 verbose headers   'x-timer': 'S1470716546.562244,VS0,VE202',
48 verbose headers   vary: 'Accept-Encoding' }
49 silly get cb [ 404,
49 silly get   { server: 'CouchDB/1.5.0 (Erlang OTP/R16B03)',
49 silly get     etag: '"DCETIEYG0EFEN3YW3OW456VL4"',
49 silly get     'content-type': 'application/json',
49 silly get     'cache-control': 'max-age=0',
49 silly get     'content-length': '409',
49 silly get     'accept-ranges': 'bytes',
49 silly get     date: 'Tue, 09 Aug 2016 04:22:26 GMT',
49 silly get     via: '1.1 varnish',
49 silly get     age: '0',
49 silly get     connection: 'keep-alive',
49 silly get     'x-served-by': 'cache-lhr6342-LHR',
49 silly get     'x-cache': 'MISS',
49 silly get     'x-cache-hits': '0',
49 silly get     'x-timer': 'S1470716546.562244,VS0,VE202',
49 silly get     vary: 'Accept-Encoding' } ]
50 verbose stack Error: Registry returned 404 for GET on https://registry.npmjs.org/com.ionic.keyboard
50 verbose stack     at makeError (C:\Program Files\nodejs\node_modules\npm\node_modules\npm-registry-client\lib\request.js:264:12)
50 verbose stack     at CachingRegistryClient.<anonymous> (C:\Program Files\nodejs\node_modules\npm\node_modules\npm-registry-client\lib\request.js:242:14)
50 verbose stack     at Request._callback (C:\Program Files\nodejs\node_modules\npm\node_modules\npm-registry-client\lib\request.js:172:14)
50 verbose stack     at Request.self.callback (C:\Program Files\nodejs\node_modules\npm\node_modules\request\request.js:198:22)
50 verbose stack     at emitTwo (events.js:87:13)
50 verbose stack     at Request.emit (events.js:172:7)
50 verbose stack     at Request.<anonymous> (C:\Program Files\nodejs\node_modules\npm\node_modules\request\request.js:1082:10)
50 verbose stack     at emitOne (events.js:82:20)
50 verbose stack     at Request.emit (events.js:169:7)
50 verbose stack     at IncomingMessage.<anonymous> (C:\Program Files\nodejs\node_modules\npm\node_modules\request\request.js:1009:12)
51 verbose statusCode 404
52 verbose pkgid com.ionic.keyboard
53 verbose cwd C:\Users\Ameer Hamza\Documents\GitHub\engrohealth
54 error Windows_NT 10.0.10586
55 error argv "C:\\Program Files\\nodejs\\node.exe" "C:\\Program Files\\nodejs\\node_modules\\npm\\bin\\npm-cli.js" "install" "com.ionic.keyboard"
56 error node v4.3.1
57 error npm  v2.14.12
58 error code E404
59 error 404 Registry returned 404 for GET on https://registry.npmjs.org/com.ionic.keyboard
59 error 404
59 error 404 'com.ionic.keyboard' is not in the npm registry.
59 error 404 You should bug the author to publish it (or use the name yourself!)
59 error 404 It was specified as a dependency of 'Engsure'
59 error 404
59 error 404 Note that you can also install from a
59 error 404 tarball, folder, http url, or git url.
60 verbose exit [ 1, true ]
